{"D:\\CLASSIFY\\src\\application\\use_cases\\AuthUseCases.js": {"path":"D:\\CLASSIFY\\src\\application\\use_cases\\AuthUseCases.js","statementMap":{"0":{"start":{"line":1,"column":15},"end":{"line":1,"column":34}},"1":{"start":{"line":2,"column":12},"end":{"line":2,"column":35}},"2":{"start":{"line":6,"column":4},"end":{"line":6,"column":41}},"3":{"start":{"line":10,"column":4},"end":{"line":12,"column":5}},"4":{"start":{"line":11,"column":6},"end":{"line":11,"column":77}},"5":{"start":{"line":14,"column":25},"end":{"line":14,"column":69}},"6":{"start":{"line":15,"column":4},"end":{"line":17,"column":5}},"7":{"start":{"line":16,"column":6},"end":{"line":16,"column":47}},"8":{"start":{"line":19,"column":17},"end":{"line":19,"column":101}},"9":{"start":{"line":20,"column":25},"end":{"line":20,"column":68}},"10":{"start":{"line":21,"column":4},"end":{"line":21,"column":24}},"11":{"start":{"line":25,"column":4},"end":{"line":27,"column":5}},"12":{"start":{"line":26,"column":6},"end":{"line":26,"column":56}},"13":{"start":{"line":29,"column":17},"end":{"line":29,"column":61}},"14":{"start":{"line":30,"column":4},"end":{"line":32,"column":5}},"15":{"start":{"line":31,"column":6},"end":{"line":31,"column":51}},"16":{"start":{"line":34,"column":20},"end":{"line":34,"column":65}},"17":{"start":{"line":35,"column":4},"end":{"line":37,"column":5}},"18":{"start":{"line":36,"column":6},"end":{"line":36,"column":51}},"19":{"start":{"line":39,"column":18},"end":{"line":43,"column":5}},"20":{"start":{"line":45,"column":4},"end":{"line":53,"column":6}},"21":{"start":{"line":57,"column":17},"end":{"line":57,"column":59}},"22":{"start":{"line":58,"column":4},"end":{"line":60,"column":5}},"23":{"start":{"line":59,"column":6},"end":{"line":59,"column":46}},"24":{"start":{"line":61,"column":4},"end":{"line":61,"column":16}},"25":{"start":{"line":65,"column":0},"end":{"line":65,"column":30}}},"fnMap":{"0":{"name":"(anonymous_0)","decl":{"start":{"line":5,"column":2},"end":{"line":5,"column":3}},"loc":{"start":{"line":5,"column":30},"end":{"line":7,"column":3}},"line":5},"1":{"name":"(anonymous_1)","decl":{"start":{"line":9,"column":2},"end":{"line":9,"column":3}},"loc":{"start":{"line":9,"column":52},"end":{"line":22,"column":3}},"line":9},"2":{"name":"(anonymous_2)","decl":{"start":{"line":24,"column":2},"end":{"line":24,"column":3}},"loc":{"start":{"line":24,"column":69},"end":{"line":54,"column":3}},"line":24},"3":{"name":"(anonymous_3)","decl":{"start":{"line":56,"column":2},"end":{"line":56,"column":3}},"loc":{"start":{"line":56,"column":27},"end":{"line":62,"column":3}},"line":56}},"branchMap":{"0":{"loc":{"start":{"line":10,"column":4},"end":{"line":12,"column":5}},"type":"if","locations":[{"start":{"line":10,"column":4},"end":{"line":12,"column":5}},{"start":{},"end":{}}],"line":10},"1":{"loc":{"start":{"line":10,"column":8},"end":{"line":10,"column":40}},"type":"binary-expr","locations":[{"start":{"line":10,"column":8},"end":{"line":10,"column":17}},{"start":{"line":10,"column":21},"end":{"line":10,"column":27}},{"start":{"line":10,"column":31},"end":{"line":10,"column":40}}],"line":10},"2":{"loc":{"start":{"line":15,"column":4},"end":{"line":17,"column":5}},"type":"if","locations":[{"start":{"line":15,"column":4},"end":{"line":17,"column":5}},{"start":{},"end":{}}],"line":15},"3":{"loc":{"start":{"line":19,"column":87},"end":{"line":19,"column":98}},"type":"binary-expr","locations":[{"start":{"line":19,"column":87},"end":{"line":19,"column":93}},{"start":{"line":19,"column":97},"end":{"line":19,"column":98}}],"line":19},"4":{"loc":{"start":{"line":24,"column":31},"end":{"line":24,"column":67}},"type":"default-arg","locations":[{"start":{"line":24,"column":43},"end":{"line":24,"column":67}}],"line":24},"5":{"loc":{"start":{"line":25,"column":4},"end":{"line":27,"column":5}},"type":"if","locations":[{"start":{"line":25,"column":4},"end":{"line":27,"column":5}},{"start":{},"end":{}}],"line":25},"6":{"loc":{"start":{"line":25,"column":8},"end":{"line":25,"column":27}},"type":"binary-expr","locations":[{"start":{"line":25,"column":8},"end":{"line":25,"column":14}},{"start":{"line":25,"column":18},"end":{"line":25,"column":27}}],"line":25},"7":{"loc":{"start":{"line":30,"column":4},"end":{"line":32,"column":5}},"type":"if","locations":[{"start":{"line":30,"column":4},"end":{"line":32,"column":5}},{"start":{},"end":{}}],"line":30},"8":{"loc":{"start":{"line":35,"column":4},"end":{"line":37,"column":5}},"type":"if","locations":[{"start":{"line":35,"column":4},"end":{"line":37,"column":5}},{"start":{},"end":{}}],"line":35},"9":{"loc":{"start":{"line":58,"column":4},"end":{"line":60,"column":5}},"type":"if","locations":[{"start":{"line":58,"column":4},"end":{"line":60,"column":5}},{"start":{},"end":{}}],"line":58}},"s":{"0":1,"1":1,"2":5,"3":3,"4":1,"5":2,"6":2,"7":1,"8":1,"9":1,"10":1,"11":2,"12":0,"13":2,"14":2,"15":1,"16":1,"17":1,"18":0,"19":1,"20":1,"21":0,"22":0,"23":0,"24":0,"25":1},"f":{"0":5,"1":3,"2":2,"3":0},"b":{"0":[1,2],"1":[3,2,2],"2":[1,1],"3":[1,1],"4":[2],"5":[0,2],"6":[2,2],"7":[1,1],"8":[0,1],"9":[0,0]},"_coverageSchema":"1a1c01bbd47fc00a2c39e90264f33305004495a9","hash":"480a924e6cb940db09b1932a3486ba3d98bb99a5"}
,"D:\\CLASSIFY\\src\\application\\use_cases\\BookingUseCases.js": {"path":"D:\\CLASSIFY\\src\\application\\use_cases\\BookingUseCases.js","statementMap":{"0":{"start":{"line":3,"column":4},"end":{"line":3,"column":47}},"1":{"start":{"line":4,"column":4},"end":{"line":4,"column":41}},"2":{"start":{"line":5,"column":4},"end":{"line":5,"column":49}},"3":{"start":{"line":9,"column":4},"end":{"line":11,"column":5}},"4":{"start":{"line":10,"column":6},"end":{"line":10,"column":90}},"5":{"start":{"line":13,"column":4},"end":{"line":15,"column":5}},"6":{"start":{"line":14,"column":6},"end":{"line":14,"column":65}},"7":{"start":{"line":17,"column":17},"end":{"line":17,"column":59}},"8":{"start":{"line":18,"column":4},"end":{"line":20,"column":5}},"9":{"start":{"line":19,"column":6},"end":{"line":19,"column":49}},"10":{"start":{"line":21,"column":4},"end":{"line":23,"column":5}},"11":{"start":{"line":22,"column":6},"end":{"line":22,"column":79}},"12":{"start":{"line":26,"column":28},"end":{"line":26,"column":110}},"13":{"start":{"line":27,"column":4},"end":{"line":34,"column":5}},"14":{"start":{"line":28,"column":20},"end":{"line":28,"column":89}},"15":{"start":{"line":29,"column":6},"end":{"line":32,"column":8}},"16":{"start":{"line":33,"column":6},"end":{"line":33,"column":18}},"17":{"start":{"line":37,"column":24},"end":{"line":37,"column":45}},"18":{"start":{"line":38,"column":22},"end":{"line":38,"column":42}},"19":{"start":{"line":40,"column":29},"end":{"line":40,"column":110}},"20":{"start":{"line":41,"column":4},"end":{"line":52,"column":5}},"21":{"start":{"line":42,"column":23},"end":{"line":42,"column":87}},"22":{"start":{"line":43,"column":20},"end":{"line":43,"column":85}},"23":{"start":{"line":44,"column":6},"end":{"line":50,"column":8}},"24":{"start":{"line":51,"column":6},"end":{"line":51,"column":18}},"25":{"start":{"line":54,"column":23},"end":{"line":62,"column":6}},"26":{"start":{"line":64,"column":4},"end":{"line":64,"column":75}},"27":{"start":{"line":68,"column":4},"end":{"line":68,"column":61}},"28":{"start":{"line":72,"column":4},"end":{"line":72,"column":50}},"29":{"start":{"line":76,"column":4},"end":{"line":78,"column":5}},"30":{"start":{"line":77,"column":6},"end":{"line":77,"column":85}},"31":{"start":{"line":80,"column":20},"end":{"line":80,"column":61}},"32":{"start":{"line":81,"column":4},"end":{"line":83,"column":5}},"33":{"start":{"line":82,"column":6},"end":{"line":82,"column":49}},"34":{"start":{"line":85,"column":4},"end":{"line":87,"column":5}},"35":{"start":{"line":86,"column":6},"end":{"line":86,"column":93}},"36":{"start":{"line":89,"column":4},"end":{"line":89,"column":82}},"37":{"start":{"line":93,"column":0},"end":{"line":93,"column":33}}},"fnMap":{"0":{"name":"(anonymous_0)","decl":{"start":{"line":2,"column":2},"end":{"line":2,"column":3}},"loc":{"start":{"line":2,"column":69},"end":{"line":6,"column":3}},"line":2},"1":{"name":"(anonymous_1)","decl":{"start":{"line":8,"column":2},"end":{"line":8,"column":3}},"loc":{"start":{"line":8,"column":80},"end":{"line":65,"column":3}},"line":8},"2":{"name":"(anonymous_2)","decl":{"start":{"line":67,"column":2},"end":{"line":67,"column":3}},"loc":{"start":{"line":67,"column":30},"end":{"line":69,"column":3}},"line":67},"3":{"name":"(anonymous_3)","decl":{"start":{"line":71,"column":2},"end":{"line":71,"column":3}},"loc":{"start":{"line":71,"column":25},"end":{"line":73,"column":3}},"line":71},"4":{"name":"(anonymous_4)","decl":{"start":{"line":75,"column":2},"end":{"line":75,"column":3}},"loc":{"start":{"line":75,"column":57},"end":{"line":90,"column":3}},"line":75}},"branchMap":{"0":{"loc":{"start":{"line":9,"column":4},"end":{"line":11,"column":5}},"type":"if","locations":[{"start":{"line":9,"column":4},"end":{"line":11,"column":5}},{"start":{},"end":{}}],"line":9},"1":{"loc":{"start":{"line":9,"column":8},"end":{"line":9,"column":69}},"type":"binary-expr","locations":[{"start":{"line":9,"column":8},"end":{"line":9,"column":15}},{"start":{"line":9,"column":19},"end":{"line":9,"column":31}},{"start":{"line":9,"column":35},"end":{"line":9,"column":45}},{"start":{"line":9,"column":49},"end":{"line":9,"column":57}},{"start":{"line":9,"column":61},"end":{"line":9,"column":69}}],"line":9},"2":{"loc":{"start":{"line":13,"column":4},"end":{"line":15,"column":5}},"type":"if","locations":[{"start":{"line":13,"column":4},"end":{"line":15,"column":5}},{"start":{},"end":{}}],"line":13},"3":{"loc":{"start":{"line":18,"column":4},"end":{"line":20,"column":5}},"type":"if","locations":[{"start":{"line":18,"column":4},"end":{"line":20,"column":5}},{"start":{},"end":{}}],"line":18},"4":{"loc":{"start":{"line":21,"column":4},"end":{"line":23,"column":5}},"type":"if","locations":[{"start":{"line":21,"column":4},"end":{"line":23,"column":5}},{"start":{},"end":{}}],"line":21},"5":{"loc":{"start":{"line":27,"column":4},"end":{"line":34,"column":5}},"type":"if","locations":[{"start":{"line":27,"column":4},"end":{"line":34,"column":5}},{"start":{},"end":{}}],"line":27},"6":{"loc":{"start":{"line":41,"column":4},"end":{"line":52,"column":5}},"type":"if","locations":[{"start":{"line":41,"column":4},"end":{"line":52,"column":5}},{"start":{},"end":{}}],"line":41},"7":{"loc":{"start":{"line":76,"column":4},"end":{"line":78,"column":5}},"type":"if","locations":[{"start":{"line":76,"column":4},"end":{"line":78,"column":5}},{"start":{},"end":{}}],"line":76},"8":{"loc":{"start":{"line":76,"column":8},"end":{"line":76,"column":74}},"type":"binary-expr","locations":[{"start":{"line":76,"column":8},"end":{"line":76,"column":15}},{"start":{"line":76,"column":19},"end":{"line":76,"column":74}}],"line":76},"9":{"loc":{"start":{"line":81,"column":4},"end":{"line":83,"column":5}},"type":"if","locations":[{"start":{"line":81,"column":4},"end":{"line":83,"column":5}},{"start":{},"end":{}}],"line":81},"10":{"loc":{"start":{"line":85,"column":4},"end":{"line":87,"column":5}},"type":"if","locations":[{"start":{"line":85,"column":4},"end":{"line":87,"column":5}},{"start":{},"end":{}}],"line":85}},"s":{"0":6,"1":6,"2":6,"3":6,"4":1,"5":5,"6":1,"7":4,"8":4,"9":0,"10":4,"11":1,"12":3,"13":3,"14":1,"15":1,"16":1,"17":2,"18":2,"19":2,"20":2,"21":1,"22":1,"23":1,"24":1,"25":1,"26":1,"27":0,"28":0,"29":0,"30":0,"31":0,"32":0,"33":0,"34":0,"35":0,"36":0,"37":1},"f":{"0":6,"1":6,"2":0,"3":0,"4":0},"b":{"0":[1,5],"1":[6,5,5,5,5],"2":[1,4],"3":[0,4],"4":[1,3],"5":[1,2],"6":[1,1],"7":[0,0],"8":[0,0],"9":[0,0],"10":[0,0]},"_coverageSchema":"1a1c01bbd47fc00a2c39e90264f33305004495a9","hash":"6ca5c15914b171e06f640ec330c3febe04adced0"}
,"D:\\CLASSIFY\\src\\infrastructure\\database\\sequelize.js": {"path":"D:\\CLASSIFY\\src\\infrastructure\\database\\sequelize.js","statementMap":{"0":{"start":{"line":1,"column":22},"end":{"line":1,"column":42}},"1":{"start":{"line":2,"column":13},"end":{"line":2,"column":28}},"2":{"start":{"line":3,"column":0},"end":{"line":3,"column":27}},"3":{"start":{"line":5,"column":12},"end":{"line":5,"column":49}},"4":{"start":{"line":9,"column":0},"end":{"line":26,"column":1}},"5":{"start":{"line":10,"column":2},"end":{"line":14,"column":5}},"6":{"start":{"line":16,"column":2},"end":{"line":25,"column":4}},"7":{"start":{"line":28,"column":23},"end":{"line":35,"column":1}},"8":{"start":{"line":29,"column":4},"end":{"line":34,"column":5}},"9":{"start":{"line":30,"column":8},"end":{"line":30,"column":39}},"10":{"start":{"line":31,"column":8},"end":{"line":31,"column":78}},"11":{"start":{"line":33,"column":8},"end":{"line":33,"column":67}},"12":{"start":{"line":37,"column":0},"end":{"line":37,"column":47}}},"fnMap":{"0":{"name":"(anonymous_0)","decl":{"start":{"line":28,"column":23},"end":{"line":28,"column":24}},"loc":{"start":{"line":28,"column":35},"end":{"line":35,"column":1}},"line":28}},"branchMap":{"0":{"loc":{"start":{"line":5,"column":12},"end":{"line":5,"column":49}},"type":"binary-expr","locations":[{"start":{"line":5,"column":12},"end":{"line":5,"column":32}},{"start":{"line":5,"column":36},"end":{"line":5,"column":49}}],"line":5},"1":{"loc":{"start":{"line":9,"column":0},"end":{"line":26,"column":1}},"type":"if","locations":[{"start":{"line":9,"column":0},"end":{"line":26,"column":1}},{"start":{"line":15,"column":7},"end":{"line":26,"column":1}}],"line":9},"2":{"loc":{"start":{"line":17,"column":4},"end":{"line":17,"column":40}},"type":"binary-expr","locations":[{"start":{"line":17,"column":4},"end":{"line":17,"column":23}},{"start":{"line":17,"column":27},"end":{"line":17,"column":40}}],"line":17},"3":{"loc":{"start":{"line":18,"column":4},"end":{"line":18,"column":37}},"type":"binary-expr","locations":[{"start":{"line":18,"column":4},"end":{"line":18,"column":23}},{"start":{"line":18,"column":27},"end":{"line":18,"column":37}}],"line":18},"4":{"loc":{"start":{"line":19,"column":4},"end":{"line":19,"column":41}},"type":"binary-expr","locations":[{"start":{"line":19,"column":4},"end":{"line":19,"column":27}},{"start":{"line":19,"column":31},"end":{"line":19,"column":41}}],"line":19},"5":{"loc":{"start":{"line":21,"column":12},"end":{"line":21,"column":46}},"type":"binary-expr","locations":[{"start":{"line":21,"column":12},"end":{"line":21,"column":31}},{"start":{"line":21,"column":35},"end":{"line":21,"column":46}}],"line":21}},"s":{"0":1,"1":1,"2":1,"3":1,"4":1,"5":1,"6":0,"7":1,"8":0,"9":0,"10":0,"11":0,"12":1},"f":{"0":0},"b":{"0":[1,0],"1":[1,0],"2":[0,0],"3":[0,0],"4":[0,0],"5":[0,0]},"_coverageSchema":"1a1c01bbd47fc00a2c39e90264f33305004495a9","hash":"e9770143e186f3a4542468a2aba6b68cf91c0dfd"}
,"D:\\CLASSIFY\\src\\infrastructure\\database\\models\\Booking.js": {"path":"D:\\CLASSIFY\\src\\infrastructure\\database\\models\\Booking.js","statementMap":{"0":{"start":{"line":1,"column":22},"end":{"line":1,"column":42}},"1":{"start":{"line":2,"column":22},"end":{"line":2,"column":45}},"2":{"start":{"line":4,"column":16},"end":{"line":46,"column":2}},"3":{"start":{"line":48,"column":0},"end":{"line":48,"column":25}}},"fnMap":{},"branchMap":{},"s":{"0":1,"1":1,"2":1,"3":1},"f":{},"b":{},"_coverageSchema":"1a1c01bbd47fc00a2c39e90264f33305004495a9","hash":"72a2b5a93756253681fcd0eb0432981f12544615"}
,"D:\\CLASSIFY\\src\\infrastructure\\database\\models\\Role.js": {"path":"D:\\CLASSIFY\\src\\infrastructure\\database\\models\\Role.js","statementMap":{"0":{"start":{"line":1,"column":22},"end":{"line":1,"column":42}},"1":{"start":{"line":2,"column":22},"end":{"line":2,"column":45}},"2":{"start":{"line":4,"column":13},"end":{"line":18,"column":2}},"3":{"start":{"line":20,"column":0},"end":{"line":20,"column":22}}},"fnMap":{},"branchMap":{},"s":{"0":1,"1":1,"2":1,"3":1},"f":{},"b":{},"_coverageSchema":"1a1c01bbd47fc00a2c39e90264f33305004495a9","hash":"2db3c71c3e9e7095537fea83f86527ee2531ca36"}
,"D:\\CLASSIFY\\src\\infrastructure\\database\\models\\Room.js": {"path":"D:\\CLASSIFY\\src\\infrastructure\\database\\models\\Room.js","statementMap":{"0":{"start":{"line":1,"column":22},"end":{"line":1,"column":42}},"1":{"start":{"line":2,"column":22},"end":{"line":2,"column":45}},"2":{"start":{"line":4,"column":13},"end":{"line":36,"column":2}},"3":{"start":{"line":38,"column":0},"end":{"line":38,"column":22}}},"fnMap":{},"branchMap":{},"s":{"0":1,"1":1,"2":1,"3":1},"f":{},"b":{},"_coverageSchema":"1a1c01bbd47fc00a2c39e90264f33305004495a9","hash":"e57edc8cd5660192b06e33403a26784963ecb453"}
,"D:\\CLASSIFY\\src\\infrastructure\\database\\models\\Schedule.js": {"path":"D:\\CLASSIFY\\src\\infrastructure\\database\\models\\Schedule.js","statementMap":{"0":{"start":{"line":1,"column":22},"end":{"line":1,"column":42}},"1":{"start":{"line":2,"column":22},"end":{"line":2,"column":45}},"2":{"start":{"line":4,"column":17},"end":{"line":38,"column":2}},"3":{"start":{"line":40,"column":0},"end":{"line":40,"column":26}}},"fnMap":{},"branchMap":{},"s":{"0":1,"1":1,"2":1,"3":1},"f":{},"b":{},"_coverageSchema":"1a1c01bbd47fc00a2c39e90264f33305004495a9","hash":"f69c0d3b14a14e0235b98e3197dc03e3dafdf257"}
,"D:\\CLASSIFY\\src\\infrastructure\\database\\models\\User.js": {"path":"D:\\CLASSIFY\\src\\infrastructure\\database\\models\\User.js","statementMap":{"0":{"start":{"line":1,"column":22},"end":{"line":1,"column":42}},"1":{"start":{"line":2,"column":22},"end":{"line":2,"column":45}},"2":{"start":{"line":3,"column":15},"end":{"line":3,"column":34}},"3":{"start":{"line":5,"column":13},"end":{"line":40,"column":2}},"4":{"start":{"line":34,"column":6},"end":{"line":37,"column":7}},"5":{"start":{"line":35,"column":21},"end":{"line":35,"column":45}},"6":{"start":{"line":36,"column":8},"end":{"line":36,"column":63}},"7":{"start":{"line":42,"column":0},"end":{"line":42,"column":22}}},"fnMap":{"0":{"name":"(anonymous_0)","decl":{"start":{"line":33,"column":18},"end":{"line":33,"column":19}},"loc":{"start":{"line":33,"column":34},"end":{"line":38,"column":5}},"line":33}},"branchMap":{"0":{"loc":{"start":{"line":34,"column":6},"end":{"line":37,"column":7}},"type":"if","locations":[{"start":{"line":34,"column":6},"end":{"line":37,"column":7}},{"start":{},"end":{}}],"line":34}},"s":{"0":1,"1":1,"2":1,"3":1,"4":1,"5":1,"6":1,"7":1},"f":{"0":1},"b":{"0":[1,0]},"_coverageSchema":"1a1c01bbd47fc00a2c39e90264f33305004495a9","hash":"5f508cdd69c92b7d4d22fb76833a9b79ac7e25ec"}
,"D:\\CLASSIFY\\src\\infrastructure\\database\\models\\index.js": {"path":"D:\\CLASSIFY\\src\\infrastructure\\database\\models\\index.js","statementMap":{"0":{"start":{"line":1,"column":38},"end":{"line":1,"column":61}},"1":{"start":{"line":2,"column":13},"end":{"line":2,"column":30}},"2":{"start":{"line":3,"column":13},"end":{"line":3,"column":30}},"3":{"start":{"line":4,"column":13},"end":{"line":4,"column":30}},"4":{"start":{"line":5,"column":17},"end":{"line":5,"column":38}},"5":{"start":{"line":6,"column":16},"end":{"line":6,"column":36}},"6":{"start":{"line":11,"column":0},"end":{"line":11,"column":58}},"7":{"start":{"line":12,"column":0},"end":{"line":12,"column":59}},"8":{"start":{"line":15,"column":0},"end":{"line":15,"column":66}},"9":{"start":{"line":16,"column":0},"end":{"line":16,"column":63}},"10":{"start":{"line":19,"column":0},"end":{"line":19,"column":64}},"11":{"start":{"line":20,"column":0},"end":{"line":20,"column":62}},"12":{"start":{"line":23,"column":0},"end":{"line":23,"column":64}},"13":{"start":{"line":24,"column":0},"end":{"line":24,"column":62}},"14":{"start":{"line":28,"column":18},"end":{"line":42,"column":1}},"15":{"start":{"line":29,"column":23},"end":{"line":33,"column":3}},"16":{"start":{"line":35,"column":2},"end":{"line":40,"column":3}},"17":{"start":{"line":36,"column":4},"end":{"line":39,"column":7}},"18":{"start":{"line":41,"column":2},"end":{"line":41,"column":68}},"19":{"start":{"line":44,"column":0},"end":{"line":53,"column":2}}},"fnMap":{"0":{"name":"(anonymous_0)","decl":{"start":{"line":28,"column":18},"end":{"line":28,"column":19}},"loc":{"start":{"line":28,"column":30},"end":{"line":42,"column":1}},"line":28}},"branchMap":{},"s":{"0":1,"1":1,"2":1,"3":1,"4":1,"5":1,"6":1,"7":1,"8":1,"9":1,"10":1,"11":1,"12":1,"13":1,"14":1,"15":1,"16":1,"17":3,"18":1,"19":1},"f":{"0":1},"b":{},"_coverageSchema":"1a1c01bbd47fc00a2c39e90264f33305004495a9","hash":"659a5504561f762b0720341b69117bb699481abe"}
,"D:\\CLASSIFY\\src\\infrastructure\\repositories\\UserRepository.js": {"path":"D:\\CLASSIFY\\src\\infrastructure\\repositories\\UserRepository.js","statementMap":{"0":{"start":{"line":1,"column":23},"end":{"line":1,"column":52}},"1":{"start":{"line":5,"column":4},"end":{"line":8,"column":7}},"2":{"start":{"line":12,"column":4},"end":{"line":15,"column":7}},"3":{"start":{"line":19,"column":17},"end":{"line":24,"column":6}},"4":{"start":{"line":25,"column":4},"end":{"line":25,"column":16}},"5":{"start":{"line":29,"column":0},"end":{"line":29,"column":32}}},"fnMap":{"0":{"name":"(anonymous_0)","decl":{"start":{"line":4,"column":2},"end":{"line":4,"column":3}},"loc":{"start":{"line":4,"column":27},"end":{"line":9,"column":3}},"line":4},"1":{"name":"(anonymous_1)","decl":{"start":{"line":11,"column":2},"end":{"line":11,"column":3}},"loc":{"start":{"line":11,"column":21},"end":{"line":16,"column":3}},"line":11},"2":{"name":"(anonymous_2)","decl":{"start":{"line":18,"column":2},"end":{"line":18,"column":3}},"loc":{"start":{"line":18,"column":25},"end":{"line":26,"column":3}},"line":18}},"branchMap":{"0":{"loc":{"start":{"line":23,"column":14},"end":{"line":23,"column":34}},"type":"binary-expr","locations":[{"start":{"line":23,"column":14},"end":{"line":23,"column":29}},{"start":{"line":23,"column":33},"end":{"line":23,"column":34}}],"line":23}},"s":{"0":1,"1":2,"2":1,"3":1,"4":1,"5":1},"f":{"0":2,"1":1,"2":1},"b":{"0":[1,1]},"_coverageSchema":"1a1c01bbd47fc00a2c39e90264f33305004495a9","hash":"48fc600061ef235dbcd6f7cfec30079d1ad53c96"}
}
