TN:
SF:src\application\use_cases\AuthUseCases.js
FN:5,(anonymous_0)
FN:9,(anonymous_1)
FN:24,(anonymous_2)
FN:56,(anonymous_3)
FNF:4
FNH:3
FNDA:5,(anonymous_0)
FNDA:3,(anonymous_1)
FNDA:2,(anonymous_2)
FNDA:0,(anonymous_3)
DA:1,1
DA:2,1
DA:6,5
DA:10,3
DA:11,1
DA:14,2
DA:15,2
DA:16,1
DA:19,1
DA:20,1
DA:21,1
DA:25,2
DA:26,0
DA:29,2
DA:30,2
DA:31,1
DA:34,1
DA:35,1
DA:36,0
DA:39,1
DA:45,1
DA:57,0
DA:58,0
DA:59,0
DA:61,0
DA:65,1
LF:26
LH:20
BRDA:10,0,0,1
BRDA:10,0,1,2
BRDA:10,1,0,3
BRDA:10,1,1,2
BRDA:10,1,2,2
BRDA:15,2,0,1
BRDA:15,2,1,1
BRDA:19,3,0,1
BRDA:19,3,1,1
BRDA:24,4,0,2
BRDA:25,5,0,0
BRDA:25,5,1,2
BRDA:25,6,0,2
BRDA:25,6,1,2
BRDA:30,7,0,1
BRDA:30,7,1,1
BRDA:35,8,0,0
BRDA:35,8,1,1
BRDA:58,9,0,0
BRDA:58,9,1,0
BRF:20
BRH:16
end_of_record
TN:
SF:src\application\use_cases\BookingUseCases.js
FN:2,(anonymous_0)
FN:8,(anonymous_1)
FN:67,(anonymous_2)
FN:71,(anonymous_3)
FN:75,(anonymous_4)
FNF:5
FNH:2
FNDA:6,(anonymous_0)
FNDA:6,(anonymous_1)
FNDA:0,(anonymous_2)
FNDA:0,(anonymous_3)
FNDA:0,(anonymous_4)
DA:3,6
DA:4,6
DA:5,6
DA:9,6
DA:10,1
DA:13,5
DA:14,1
DA:17,4
DA:18,4
DA:19,0
DA:21,4
DA:22,1
DA:26,3
DA:27,3
DA:28,1
DA:29,1
DA:33,1
DA:37,2
DA:38,2
DA:40,2
DA:41,2
DA:42,1
DA:43,1
DA:44,1
DA:51,1
DA:54,1
DA:64,1
DA:68,0
DA:72,0
DA:76,0
DA:77,0
DA:80,0
DA:81,0
DA:82,0
DA:85,0
DA:86,0
DA:89,0
DA:93,1
LF:38
LH:27
BRDA:9,0,0,1
BRDA:9,0,1,5
BRDA:9,1,0,6
BRDA:9,1,1,5
BRDA:9,1,2,5
BRDA:9,1,3,5
BRDA:9,1,4,5
BRDA:13,2,0,1
BRDA:13,2,1,4
BRDA:18,3,0,0
BRDA:18,3,1,4
BRDA:21,4,0,1
BRDA:21,4,1,3
BRDA:27,5,0,1
BRDA:27,5,1,2
BRDA:41,6,0,1
BRDA:41,6,1,1
BRDA:76,7,0,0
BRDA:76,7,1,0
BRDA:76,8,0,0
BRDA:76,8,1,0
BRDA:81,9,0,0
BRDA:81,9,1,0
BRDA:85,10,0,0
BRDA:85,10,1,0
BRF:25
BRH:16
end_of_record
TN:
SF:src\infrastructure\database\sequelize.js
FN:28,(anonymous_0)
FNF:1
FNH:0
FNDA:0,(anonymous_0)
DA:1,1
DA:2,1
DA:3,1
DA:5,1
DA:9,1
DA:10,1
DA:16,0
DA:28,1
DA:29,0
DA:30,0
DA:31,0
DA:33,0
DA:37,1
LF:13
LH:8
BRDA:5,0,0,1
BRDA:5,0,1,0
BRDA:9,1,0,1
BRDA:9,1,1,0
BRDA:17,2,0,0
BRDA:17,2,1,0
BRDA:18,3,0,0
BRDA:18,3,1,0
BRDA:19,4,0,0
BRDA:19,4,1,0
BRDA:21,5,0,0
BRDA:21,5,1,0
BRF:12
BRH:2
end_of_record
TN:
SF:src\infrastructure\database\models\Booking.js
FNF:0
FNH:0
DA:1,1
DA:2,1
DA:4,1
DA:48,1
LF:4
LH:4
BRF:0
BRH:0
end_of_record
TN:
SF:src\infrastructure\database\models\Role.js
FNF:0
FNH:0
DA:1,1
DA:2,1
DA:4,1
DA:20,1
LF:4
LH:4
BRF:0
BRH:0
end_of_record
TN:
SF:src\infrastructure\database\models\Room.js
FNF:0
FNH:0
DA:1,1
DA:2,1
DA:4,1
DA:38,1
LF:4
LH:4
BRF:0
BRH:0
end_of_record
TN:
SF:src\infrastructure\database\models\Schedule.js
FNF:0
FNH:0
DA:1,1
DA:2,1
DA:4,1
DA:40,1
LF:4
LH:4
BRF:0
BRH:0
end_of_record
TN:
SF:src\infrastructure\database\models\User.js
FN:33,(anonymous_0)
FNF:1
FNH:1
FNDA:1,(anonymous_0)
DA:1,1
DA:2,1
DA:3,1
DA:5,1
DA:34,1
DA:35,1
DA:36,1
DA:42,1
LF:8
LH:8
BRDA:34,0,0,1
BRDA:34,0,1,0
BRF:2
BRH:1
end_of_record
TN:
SF:src\infrastructure\database\models\index.js
FN:28,(anonymous_0)
FNF:1
FNH:1
FNDA:1,(anonymous_0)
DA:1,1
DA:2,1
DA:3,1
DA:4,1
DA:5,1
DA:6,1
DA:11,1
DA:12,1
DA:15,1
DA:16,1
DA:19,1
DA:20,1
DA:23,1
DA:24,1
DA:28,1
DA:29,1
DA:35,1
DA:36,3
DA:41,1
DA:44,1
LF:20
LH:20
BRF:0
BRH:0
end_of_record
TN:
SF:src\infrastructure\repositories\UserRepository.js
FN:4,(anonymous_0)
FN:11,(anonymous_1)
FN:18,(anonymous_2)
FNF:3
FNH:3
FNDA:2,(anonymous_0)
FNDA:1,(anonymous_1)
FNDA:1,(anonymous_2)
DA:1,1
DA:5,2
DA:12,1
DA:19,1
DA:25,1
DA:29,1
LF:6
LH:6
BRDA:23,0,0,1
BRDA:23,0,1,1
BRF:2
BRH:2
end_of_record
